{"level":"INFO","message":"[1:19:31.965 PM]: Creating new connection object"}
{"level":"INFO","message":"[1:19:31.977 PM]: Creating Connection[id: 6822d61c-c606-49c3-a4f2-47f8b6ef9df5] with host: your_account.ap-northeast-2.aws.snowflakecomputing.com, account: your_account, accessUrl: https://your_account.ap-northeast-2.aws.snowflakecomputing.com, user: your_username, password is provided, role: undefined, database: FNF, schema: PRCS, warehouse: your_warehouse, region: ap-northeast-2.aws, authenticator: SNOWFLAKE, ocsp mode: FAIL_OPEN, os: win32, os version: 10.0.26100"}
{"level":"INFO","message":"[1:19:31.977 PM]: Connection[id: 6822d61c-c606-49c3-a4f2-47f8b6ef9df5] additional details: passcode in password is provided, passcode is not provided, private key is not provided, application: undefined, client name: snowflake-sdk, client version: 1.15.0, retry timeout: 300, private key path: undefined, private key pass is not provided, client store temporary credential: false, browser response timeout: 120000"}
{"level":"INFO","message":"[1:19:31.977 PM]: Connection[id: 6822d61c-c606-49c3-a4f2-47f8b6ef9df5] - connection object created successfully."}
{"level":"INFO","message":"[1:19:31.978 PM]: Connection[id: 6822d61c-c606-49c3-a4f2-47f8b6ef9df5] - connecting. Associated Snowflake domain: GLOBAL"}
{"level":"INFO","message":"[1:19:31.978 PM]: Connection[id: 6822d61c-c606-49c3-a4f2-47f8b6ef9df5] - authentication successful using: SNOWFLAKE"}
{"level":"INFO","message":"[1:19:31.979 PM]: Trying to initialize Easy Logging"}
{"level":"INFO","message":"[1:19:31.981 PM]: No client config detected."}
{"level":"INFO","message":"[1:19:31.981 PM]: No config file path found. Client config will not be used."}
{"level":"INFO","message":"[1:19:31.981 PM]: Easy Logging is disabled as no config has been found"}
{"level":"INFO","message":"[1:19:31.984 PM]: Connection[id: 6822d61c-c606-49c3-a4f2-47f8b6ef9df5] - connected successfully after 6.354700000003504 milliseconds"}
{"level":"INFO","message":"[1:19:48.101 PM]: Creating new connection object"}
{"level":"INFO","message":"[1:19:48.102 PM]: Creating Connection[id: 45df57b4-05e7-4dcd-842d-cb6610385420] with host: your_account.ap-northeast-2.aws.snowflakecomputing.com, account: your_account, accessUrl: https://your_account.ap-northeast-2.aws.snowflakecomputing.com, user: your_username, password is provided, role: undefined, database: FNF, schema: PRCS, warehouse: your_warehouse, region: ap-northeast-2.aws, authenticator: SNOWFLAKE, ocsp mode: FAIL_OPEN, os: win32, os version: 10.0.26100"}
{"level":"INFO","message":"[1:19:48.102 PM]: Connection[id: 45df57b4-05e7-4dcd-842d-cb6610385420] additional details: passcode in password is provided, passcode is not provided, private key is not provided, application: undefined, client name: snowflake-sdk, client version: 1.15.0, retry timeout: 300, private key path: undefined, private key pass is not provided, client store temporary credential: false, browser response timeout: 120000"}
{"level":"INFO","message":"[1:19:48.102 PM]: Connection[id: 45df57b4-05e7-4dcd-842d-cb6610385420] - connection object created successfully."}
{"level":"INFO","message":"[1:19:48.103 PM]: Connection[id: 45df57b4-05e7-4dcd-842d-cb6610385420] - connecting. Associated Snowflake domain: GLOBAL"}
{"level":"INFO","message":"[1:19:48.103 PM]: Connection[id: 45df57b4-05e7-4dcd-842d-cb6610385420] - authentication successful using: SNOWFLAKE"}
{"level":"INFO","message":"[1:19:48.103 PM]: Connection[id: 45df57b4-05e7-4dcd-842d-cb6610385420] - connected successfully after 0.6218000000008033 milliseconds"}
{"level":"INFO","message":"[1:19:55.126 PM]: Creating new connection object"}
{"level":"INFO","message":"[1:19:55.141 PM]: Creating Connection[id: 4e4e5a18-84e2-4ecc-b7a8-6fade0bf5925] with host: your_account.ap-northeast-2.aws.snowflakecomputing.com, account: your_account, accessUrl: https://your_account.ap-northeast-2.aws.snowflakecomputing.com, user: your_username, password is provided, role: undefined, database: FNF, schema: PRCS, warehouse: your_warehouse, region: ap-northeast-2.aws, authenticator: SNOWFLAKE, ocsp mode: FAIL_OPEN, os: win32, os version: 10.0.26100"}
{"level":"INFO","message":"[1:19:55.142 PM]: Connection[id: 4e4e5a18-84e2-4ecc-b7a8-6fade0bf5925] additional details: passcode in password is provided, passcode is not provided, private key is not provided, application: undefined, client name: snowflake-sdk, client version: 1.15.0, retry timeout: 300, private key path: undefined, private key pass is not provided, client store temporary credential: false, browser response timeout: 120000"}
{"level":"INFO","message":"[1:19:55.142 PM]: Connection[id: 4e4e5a18-84e2-4ecc-b7a8-6fade0bf5925] - connection object created successfully."}
{"level":"INFO","message":"[1:19:55.143 PM]: Connection[id: 4e4e5a18-84e2-4ecc-b7a8-6fade0bf5925] - connecting. Associated Snowflake domain: GLOBAL"}
{"level":"INFO","message":"[1:19:55.143 PM]: Connection[id: 4e4e5a18-84e2-4ecc-b7a8-6fade0bf5925] - authentication successful using: SNOWFLAKE"}
{"level":"INFO","message":"[1:19:55.143 PM]: Trying to initialize Easy Logging"}
{"level":"INFO","message":"[1:19:55.145 PM]: No client config detected."}
{"level":"INFO","message":"[1:19:55.146 PM]: No config file path found. Client config will not be used."}
{"level":"INFO","message":"[1:19:55.146 PM]: Easy Logging is disabled as no config has been found"}
{"level":"INFO","message":"[1:19:55.148 PM]: Connection[id: 4e4e5a18-84e2-4ecc-b7a8-6fade0bf5925] - connected successfully after 5.729400000534952 milliseconds"}
{"level":"INFO","message":"[1:19:57.491 PM]: Creating new connection object"}
{"level":"INFO","message":"[1:19:57.492 PM]: Creating Connection[id: 4fbff2cd-0e2f-42a5-b237-ed2e213a9120] with host: your_account.ap-northeast-2.aws.snowflakecomputing.com, account: your_account, accessUrl: https://your_account.ap-northeast-2.aws.snowflakecomputing.com, user: your_username, password is provided, role: undefined, database: FNF, schema: PRCS, warehouse: your_warehouse, region: ap-northeast-2.aws, authenticator: SNOWFLAKE, ocsp mode: FAIL_OPEN, os: win32, os version: 10.0.26100"}
{"level":"INFO","message":"[1:19:57.492 PM]: Connection[id: 4fbff2cd-0e2f-42a5-b237-ed2e213a9120] additional details: passcode in password is provided, passcode is not provided, private key is not provided, application: undefined, client name: snowflake-sdk, client version: 1.15.0, retry timeout: 300, private key path: undefined, private key pass is not provided, client store temporary credential: false, browser response timeout: 120000"}
{"level":"INFO","message":"[1:19:57.492 PM]: Connection[id: 4fbff2cd-0e2f-42a5-b237-ed2e213a9120] - connection object created successfully."}
{"level":"INFO","message":"[1:19:57.492 PM]: Connection[id: 4fbff2cd-0e2f-42a5-b237-ed2e213a9120] - connecting. Associated Snowflake domain: GLOBAL"}
{"level":"INFO","message":"[1:19:57.493 PM]: Connection[id: 4fbff2cd-0e2f-42a5-b237-ed2e213a9120] - authentication successful using: SNOWFLAKE"}
{"level":"INFO","message":"[1:19:57.493 PM]: Connection[id: 4fbff2cd-0e2f-42a5-b237-ed2e213a9120] - connected successfully after 0.4698999999091029 milliseconds"}
{"level":"INFO","message":"[1:20:17.492 PM]: Creating new connection object"}
{"level":"INFO","message":"[1:20:17.493 PM]: Creating Connection[id: 943f92f3-f68e-4a43-8592-2a9608bcabd9] with host: your_account.ap-northeast-2.aws.snowflakecomputing.com, account: your_account, accessUrl: https://your_account.ap-northeast-2.aws.snowflakecomputing.com, user: your_username, password is provided, role: undefined, database: FNF, schema: PRCS, warehouse: your_warehouse, region: ap-northeast-2.aws, authenticator: SNOWFLAKE, ocsp mode: FAIL_OPEN, os: win32, os version: 10.0.26100"}
{"level":"INFO","message":"[1:20:17.493 PM]: Connection[id: 943f92f3-f68e-4a43-8592-2a9608bcabd9] additional details: passcode in password is provided, passcode is not provided, private key is not provided, application: undefined, client name: snowflake-sdk, client version: 1.15.0, retry timeout: 300, private key path: undefined, private key pass is not provided, client store temporary credential: false, browser response timeout: 120000"}
{"level":"INFO","message":"[1:20:17.493 PM]: Connection[id: 943f92f3-f68e-4a43-8592-2a9608bcabd9] - connection object created successfully."}
{"level":"INFO","message":"[1:20:17.493 PM]: Connection[id: 943f92f3-f68e-4a43-8592-2a9608bcabd9] - connecting. Associated Snowflake domain: GLOBAL"}
{"level":"INFO","message":"[1:20:17.493 PM]: Connection[id: 943f92f3-f68e-4a43-8592-2a9608bcabd9] - authentication successful using: SNOWFLAKE"}
{"level":"INFO","message":"[1:20:17.493 PM]: Connection[id: 943f92f3-f68e-4a43-8592-2a9608bcabd9] - connected successfully after 0.25820000004023314 milliseconds"}
{"level":"INFO","message":"[1:20:31.469 PM]: Creating new connection object"}
{"level":"INFO","message":"[1:20:31.470 PM]: Creating Connection[id: 01a63a60-bc25-4a9a-b4bc-017ae9303675] with host: your_account.ap-northeast-2.aws.snowflakecomputing.com, account: your_account, accessUrl: https://your_account.ap-northeast-2.aws.snowflakecomputing.com, user: your_username, password is provided, role: undefined, database: FNF, schema: PRCS, warehouse: your_warehouse, region: ap-northeast-2.aws, authenticator: SNOWFLAKE, ocsp mode: FAIL_OPEN, os: win32, os version: 10.0.26100"}
{"level":"INFO","message":"[1:20:31.470 PM]: Connection[id: 01a63a60-bc25-4a9a-b4bc-017ae9303675] additional details: passcode in password is provided, passcode is not provided, private key is not provided, application: undefined, client name: snowflake-sdk, client version: 1.15.0, retry timeout: 300, private key path: undefined, private key pass is not provided, client store temporary credential: false, browser response timeout: 120000"}
{"level":"INFO","message":"[1:20:31.470 PM]: Connection[id: 01a63a60-bc25-4a9a-b4bc-017ae9303675] - connection object created successfully."}
{"level":"INFO","message":"[1:20:31.470 PM]: Connection[id: 01a63a60-bc25-4a9a-b4bc-017ae9303675] - connecting. Associated Snowflake domain: GLOBAL"}
{"level":"INFO","message":"[1:20:31.470 PM]: Connection[id: 01a63a60-bc25-4a9a-b4bc-017ae9303675] - authentication successful using: SNOWFLAKE"}
{"level":"INFO","message":"[1:20:31.470 PM]: Connection[id: 01a63a60-bc25-4a9a-b4bc-017ae9303675] - connected successfully after 0.4922000002115965 milliseconds"}
{"level":"INFO","message":"[1:20:51.489 PM]: Creating new connection object"}
{"level":"INFO","message":"[1:20:51.489 PM]: Creating Connection[id: be8a1768-9cea-4e2c-958b-ca9bdfab092f] with host: your_account.ap-northeast-2.aws.snowflakecomputing.com, account: your_account, accessUrl: https://your_account.ap-northeast-2.aws.snowflakecomputing.com, user: your_username, password is provided, role: undefined, database: FNF, schema: PRCS, warehouse: your_warehouse, region: ap-northeast-2.aws, authenticator: SNOWFLAKE, ocsp mode: FAIL_OPEN, os: win32, os version: 10.0.26100"}
{"level":"INFO","message":"[1:20:51.489 PM]: Connection[id: be8a1768-9cea-4e2c-958b-ca9bdfab092f] additional details: passcode in password is provided, passcode is not provided, private key is not provided, application: undefined, client name: snowflake-sdk, client version: 1.15.0, retry timeout: 300, private key path: undefined, private key pass is not provided, client store temporary credential: false, browser response timeout: 120000"}
{"level":"INFO","message":"[1:20:51.489 PM]: Connection[id: be8a1768-9cea-4e2c-958b-ca9bdfab092f] - connection object created successfully."}
{"level":"INFO","message":"[1:20:51.489 PM]: Connection[id: be8a1768-9cea-4e2c-958b-ca9bdfab092f] - connecting. Associated Snowflake domain: GLOBAL"}
{"level":"INFO","message":"[1:20:51.489 PM]: Connection[id: be8a1768-9cea-4e2c-958b-ca9bdfab092f] - authentication successful using: SNOWFLAKE"}
{"level":"INFO","message":"[1:20:51.490 PM]: Connection[id: be8a1768-9cea-4e2c-958b-ca9bdfab092f] - connected successfully after 0.2909999992698431 milliseconds"}
{"level":"INFO","message":"[1:21:35.345 PM]: Creating new connection object"}
{"level":"INFO","message":"[1:21:35.347 PM]: Creating Connection[id: ed5067dd-21a1-4863-adaa-437d3e70e10b] with host: your_account.ap-northeast-2.aws.snowflakecomputing.com, account: your_account, accessUrl: https://your_account.ap-northeast-2.aws.snowflakecomputing.com, user: your_username, password is provided, role: undefined, database: FNF, schema: PRCS, warehouse: your_warehouse, region: ap-northeast-2.aws, authenticator: SNOWFLAKE, ocsp mode: FAIL_OPEN, os: win32, os version: 10.0.26100"}
{"level":"INFO","message":"[1:21:35.347 PM]: Connection[id: ed5067dd-21a1-4863-adaa-437d3e70e10b] additional details: passcode in password is provided, passcode is not provided, private key is not provided, application: undefined, client name: snowflake-sdk, client version: 1.15.0, retry timeout: 300, private key path: undefined, private key pass is not provided, client store temporary credential: false, browser response timeout: 120000"}
{"level":"INFO","message":"[1:21:35.348 PM]: Connection[id: ed5067dd-21a1-4863-adaa-437d3e70e10b] - connection object created successfully."}
{"level":"INFO","message":"[1:21:35.348 PM]: Connection[id: ed5067dd-21a1-4863-adaa-437d3e70e10b] - connecting. Associated Snowflake domain: GLOBAL"}
{"level":"INFO","message":"[1:21:35.348 PM]: Connection[id: ed5067dd-21a1-4863-adaa-437d3e70e10b] - authentication successful using: SNOWFLAKE"}
{"level":"INFO","message":"[1:21:35.349 PM]: Connection[id: ed5067dd-21a1-4863-adaa-437d3e70e10b] - connected successfully after 1.1968000000342727 milliseconds"}
{"level":"INFO","message":"[1:21:41.459 PM]: Creating new connection object"}
{"level":"INFO","message":"[1:21:41.461 PM]: Creating Connection[id: 17585cab-ebe9-4fbc-9401-491ccfbb2312] with host: your_account.ap-northeast-2.aws.snowflakecomputing.com, account: your_account, accessUrl: https://your_account.ap-northeast-2.aws.snowflakecomputing.com, user: your_username, password is provided, role: undefined, database: FNF, schema: PRCS, warehouse: your_warehouse, region: ap-northeast-2.aws, authenticator: SNOWFLAKE, ocsp mode: FAIL_OPEN, os: win32, os version: 10.0.26100"}
{"level":"INFO","message":"[1:21:41.461 PM]: Connection[id: 17585cab-ebe9-4fbc-9401-491ccfbb2312] additional details: passcode in password is provided, passcode is not provided, private key is not provided, application: undefined, client name: snowflake-sdk, client version: 1.15.0, retry timeout: 300, private key path: undefined, private key pass is not provided, client store temporary credential: false, browser response timeout: 120000"}
{"level":"INFO","message":"[1:21:41.461 PM]: Connection[id: 17585cab-ebe9-4fbc-9401-491ccfbb2312] - connection object created successfully."}
{"level":"INFO","message":"[1:21:41.461 PM]: Connection[id: 17585cab-ebe9-4fbc-9401-491ccfbb2312] - connecting. Associated Snowflake domain: GLOBAL"}
{"level":"INFO","message":"[1:21:41.462 PM]: Creating new connection object"}
{"level":"INFO","message":"[1:21:41.463 PM]: Creating Connection[id: 28b579ec-6639-4ab6-823c-a930a2ea034b] with host: your_account.ap-northeast-2.aws.snowflakecomputing.com, account: your_account, accessUrl: https://your_account.ap-northeast-2.aws.snowflakecomputing.com, user: your_username, password is provided, role: undefined, database: FNF, schema: PRCS, warehouse: your_warehouse, region: ap-northeast-2.aws, authenticator: SNOWFLAKE, ocsp mode: FAIL_OPEN, os: win32, os version: 10.0.26100"}
{"level":"INFO","message":"[1:21:41.463 PM]: Connection[id: 28b579ec-6639-4ab6-823c-a930a2ea034b] additional details: passcode in password is provided, passcode is not provided, private key is not provided, application: undefined, client name: snowflake-sdk, client version: 1.15.0, retry timeout: 300, private key path: undefined, private key pass is not provided, client store temporary credential: false, browser response timeout: 120000"}
{"level":"INFO","message":"[1:21:41.463 PM]: Connection[id: 28b579ec-6639-4ab6-823c-a930a2ea034b] - connection object created successfully."}
{"level":"INFO","message":"[1:21:41.463 PM]: Connection[id: 28b579ec-6639-4ab6-823c-a930a2ea034b] - connecting. Associated Snowflake domain: GLOBAL"}
{"level":"INFO","message":"[1:21:41.464 PM]: Connection[id: 17585cab-ebe9-4fbc-9401-491ccfbb2312] - authentication successful using: SNOWFLAKE"}
{"level":"INFO","message":"[1:21:41.464 PM]: Connection[id: 28b579ec-6639-4ab6-823c-a930a2ea034b] - authentication successful using: SNOWFLAKE"}
{"level":"INFO","message":"[1:21:41.465 PM]: Connection[id: 17585cab-ebe9-4fbc-9401-491ccfbb2312] - connected successfully after 3.490400000475347 milliseconds"}
{"level":"INFO","message":"[1:21:41.465 PM]: Connection[id: 28b579ec-6639-4ab6-823c-a930a2ea034b] - connected successfully after 1.615400000475347 milliseconds"}
{"level":"INFO","message":"[1:21:47.044 PM]: Creating new connection object"}
{"level":"INFO","message":"[1:21:47.047 PM]: Creating Connection[id: 854af248-1b92-4c2f-9df1-b3fb2f694103] with host: your_account.ap-northeast-2.aws.snowflakecomputing.com, account: your_account, accessUrl: https://your_account.ap-northeast-2.aws.snowflakecomputing.com, user: your_username, password is provided, role: undefined, database: FNF, schema: PRCS, warehouse: your_warehouse, region: ap-northeast-2.aws, authenticator: SNOWFLAKE, ocsp mode: FAIL_OPEN, os: win32, os version: 10.0.26100"}
{"level":"INFO","message":"[1:21:47.047 PM]: Connection[id: 854af248-1b92-4c2f-9df1-b3fb2f694103] additional details: passcode in password is provided, passcode is not provided, private key is not provided, application: undefined, client name: snowflake-sdk, client version: 1.15.0, retry timeout: 300, private key path: undefined, private key pass is not provided, client store temporary credential: false, browser response timeout: 120000"}
{"level":"INFO","message":"[1:21:47.047 PM]: Connection[id: 854af248-1b92-4c2f-9df1-b3fb2f694103] - connection object created successfully."}
{"level":"INFO","message":"[1:21:47.048 PM]: Connection[id: 854af248-1b92-4c2f-9df1-b3fb2f694103] - connecting. Associated Snowflake domain: GLOBAL"}
{"level":"INFO","message":"[1:21:47.048 PM]: Connection[id: 854af248-1b92-4c2f-9df1-b3fb2f694103] - authentication successful using: SNOWFLAKE"}
{"level":"INFO","message":"[1:21:47.049 PM]: Connection[id: 854af248-1b92-4c2f-9df1-b3fb2f694103] - connected successfully after 1.7214999999850988 milliseconds"}
{"level":"INFO","message":"[1:22:06.680 PM]: Creating new connection object"}
{"level":"INFO","message":"[1:22:06.683 PM]: Creating Connection[id: 4927bd03-0635-4f1f-aefe-ddbb696af0da] with host: your_account.ap-northeast-2.aws.snowflakecomputing.com, account: your_account, accessUrl: https://your_account.ap-northeast-2.aws.snowflakecomputing.com, user: your_username, password is provided, role: undefined, database: FNF, schema: PRCS, warehouse: your_warehouse, region: ap-northeast-2.aws, authenticator: SNOWFLAKE, ocsp mode: FAIL_OPEN, os: win32, os version: 10.0.26100"}
{"level":"INFO","message":"[1:22:06.683 PM]: Connection[id: 4927bd03-0635-4f1f-aefe-ddbb696af0da] additional details: passcode in password is provided, passcode is not provided, private key is not provided, application: undefined, client name: snowflake-sdk, client version: 1.15.0, retry timeout: 300, private key path: undefined, private key pass is not provided, client store temporary credential: false, browser response timeout: 120000"}
{"level":"INFO","message":"[1:22:06.684 PM]: Connection[id: 4927bd03-0635-4f1f-aefe-ddbb696af0da] - connection object created successfully."}
{"level":"INFO","message":"[1:22:06.684 PM]: Connection[id: 4927bd03-0635-4f1f-aefe-ddbb696af0da] - connecting. Associated Snowflake domain: GLOBAL"}
{"level":"INFO","message":"[1:22:06.684 PM]: Connection[id: 4927bd03-0635-4f1f-aefe-ddbb696af0da] - authentication successful using: SNOWFLAKE"}
{"level":"INFO","message":"[1:22:06.685 PM]: Connection[id: 4927bd03-0635-4f1f-aefe-ddbb696af0da] - connected successfully after 1.5855000000155997 milliseconds"}
